<?xml version="1.0" encoding="UTF-8"?>
<!-- Generated by org.testng.reporters.JUnitXMLReporter -->
<testsuite ignored="0" hostname="EC2AMAZ-S11DBRH" failures="0" tests="3" name="Default test" time="15.583" errors="0" timestamp="2023-07-19T05:50:16 GMT">
  <testcase classname="testScripts.GooglePageTest" name="javaSearchTest" time="5.014"/>
  <testcase classname="testScripts.GooglePageTest" name="seleniumSearchTest" time="3.55"/>
  <testcase classname="testScripts.GooglePageTest" name="appiumSearchTest" time="4.306"/>
</testsuite> <!-- Default test -->
