<?xml version="1.0" encoding="UTF-8"?>
<!-- Generated by org.testng.reporters.JUnitXMLReporter -->
<testsuite ignored="0" hostname="EC2AMAZ-S11DBRH" failures="0" tests="3" name="ModuleOneTest" time="13.357" errors="0" timestamp="2023-07-19T05:46:29 GMT">
  <testcase classname="testScripts.GooglePageTest" name="javaSearchTest" time="4.783"/>
  <testcase classname="testScripts.GooglePageTest" name="seleniumSearchTest" time="3.693"/>
  <testcase classname="testScripts.GooglePageTest" name="appiumSearchTest" time="2.176"/>
</testsuite> <!-- ModuleOneTest -->
